Desktop is 1366 x 768 @ 60 Hz
Initialize engine version: 2018.2.21f1 (a122f5dc316d)
GfxDevice: creating device client; threaded=1
Renderer: Mesa Intel(R) HD Graphics 405 (BSW)
Vendor:   Intel
Version:  4.6 (Core Profile) Mesa 23.1.3
GLES:     0
 GL_3DFX_texture_compression_FXT1 GL_AMD_conservative_depth GL_AMD_draw_buffers_blend GL_AMD_gpu_shader_int64 GL_AMD_multi_draw_indirect GL_AMD_performance_monitor GL_AMD_query_buffer_object GL_AMD_seamless_cubemap_per_texture GL_AMD_shader_trinary_minmax GL_AMD_texture_texture4 GL_AMD_vertex_shader_layer GL_AMD_vertex_shader_viewport_index GL_ANGLE_texture_compression_dxt3 GL_ANGLE_texture_compression_dxt5 GL_ARB_ES2_compatibility GL_ARB_ES3_1_compatibility GL_ARB_ES3_2_compatibility GL_ARB_ES3_compatibility GL_ARB_arrays_of_arrays GL_ARB_base_instance GL_ARB_blend_func_extended GL_ARB_buffer_storage GL_ARB_clear_buffer_object GL_ARB_clear_texture GL_ARB_clip_control GL_ARB_compressed_texture_pixel_storage GL_ARB_compute_shader GL_ARB_compute_variable_group_size GL_ARB_conditional_render_inverted GL_ARB_conservative_depth GL_ARB_copy_buffer GL_ARB_copy_image GL_ARB_cull_distance GL_ARB_debug_output GL_ARB_depth_buffer_float GL_ARB_depth_clamp GL_ARB_derivative_control GL_ARB_direct_state_access GL_ARB_draw_
buffers GL_ARB_draw_buffers_blend GL_ARB_draw_elements_base_vertex GL_ARB_draw_indirect GL_ARB_draw_instanced GL_ARB_enhanced_layouts GL_ARB_explicit_attrib_location GL_ARB_explicit_uniform_location GL_ARB_fragment_coord_conventions GL_ARB_fragment_layer_viewport GL_ARB_fragment_shader GL_ARB_framebuffer_no_attachments GL_ARB_framebuffer_object GL_ARB_framebuffer_sRGB GL_ARB_get_program_binary GL_ARB_get_texture_sub_image GL_ARB_gl_spirv GL_ARB_gpu_shader5 GL_ARB_gpu_shader_fp64 GL_ARB_gpu_shader_int64 GL_ARB_half_float_pixel GL_ARB_half_float_vertex GL_ARB_indirect_parameters GL_ARB_instanced_arrays GL_ARB_internalformat_query GL_ARB_internalformat_query2 GL_ARB_invalidate_subdata GL_ARB_map_buffer_alignment GL_ARB_map_buffer_range GL_ARB_multi_bind GL_ARB_multi_draw_indirect GL_ARB_occlusion_query2 GL_ARB_parallel_shader_compile GL_ARB_pipeline_statistics_query GL_ARB_pixel_buffer_object GL_ARB_point_sprite GL_ARB_polygon_offset_clamp GL_ARB_program_interface_query GL_ARB_provoking_vertex GL_ARB_query_buff
er_object GL_ARB_robust_buffer_access_behavior GL_ARB_robustness GL_ARB_sample_shading GL_ARB_sampler_objects GL_ARB_seamless_cube_map GL_ARB_seamless_cubemap_per_texture GL_ARB_separate_shader_objects GL_ARB_shader_atomic_counter_ops GL_ARB_shader_atomic_counters GL_ARB_shader_ballot GL_ARB_shader_bit_encoding GL_ARB_shader_clock GL_ARB_shader_draw_parameters GL_ARB_shader_group_vote GL_ARB_shader_image_load_store GL_ARB_shader_image_size GL_ARB_shader_objects GL_ARB_shader_precision GL_ARB_shader_storage_buffer_object GL_ARB_shader_subroutine GL_ARB_shader_texture_image_samples GL_ARB_shader_texture_lod GL_ARB_shader_viewport_layer_array GL_ARB_shading_language_420pack GL_ARB_shading_language_include GL_ARB_shading_language_packing GL_ARB_spirv_extensions GL_ARB_stencil_texturing GL_ARB_sync GL_ARB_tessellation_shader GL_ARB_texture_barrier GL_ARB_texture_buffer_object GL_ARB_texture_buffer_object_rgb32 GL_ARB_texture_buffer_range GL_ARB_texture_compression_bptc GL_ARB_texture_compression_rgtc GL_ARB_textu
re_cube_map_array GL_ARB_texture_filter_anisotropic GL_ARB_texture_float GL_ARB_texture_gather GL_ARB_texture_mirror_clamp_to_edge GL_ARB_texture_multisample GL_ARB_texture_non_power_of_two GL_ARB_texture_query_levels GL_ARB_texture_query_lod GL_ARB_texture_rectangle GL_ARB_texture_rg GL_ARB_texture_rgb10_a2ui GL_ARB_texture_stencil8 GL_ARB_texture_storage GL_ARB_texture_storage_multisample GL_ARB_texture_swizzle GL_ARB_texture_view GL_ARB_timer_query GL_ARB_transform_feedback2 GL_ARB_transform_feedback3 GL_ARB_transform_feedback_instanced GL_ARB_transform_feedback_overflow_query GL_ARB_uniform_buffer_object GL_ARB_vertex_array_bgra GL_ARB_vertex_array_object GL_ARB_vertex_attrib_64bit GL_ARB_vertex_attrib_binding GL_ARB_vertex_buffer_object GL_ARB_vertex_shader GL_ARB_vertex_type_10f_11f_11f_rev GL_ARB_vertex_type_2_10_10_10_rev GL_ARB_viewport_array GL_ATI_blend_equation_separate GL_ATI_texture_float GL_EXT_EGL_image_storage GL_EXT_EGL_sync GL_EXT_abgr GL_EXT_blend_equation_separate GL_EXT_debug_label GL_E
XT_demote_to_helper_invocation GL_EXT_draw_buffers2 GL_EXT_draw_instanced GL_EXT_framebuffer_blit GL_EXT_framebuffer_multisample GL_EXT_framebuffer_multisample_blit_scaled GL_EXT_framebuffer_object GL_EXT_framebuffer_sRGB GL_EXT_memory_object GL_EXT_memory_object_fd GL_EXT_packed_depth_stencil GL_EXT_packed_float GL_EXT_pixel_buffer_object GL_EXT_polygon_offset_clamp GL_EXT_provoking_vertex GL_EXT_semaphore GL_EXT_semaphore_fd GL_EXT_shader_framebuffer_fetch_non_coherent GL_EXT_shader_integer_mix GL_EXT_shader_samples_identical GL_EXT_texture_array GL_EXT_texture_compression_dxt1 GL_EXT_texture_compression_rgtc GL_EXT_texture_compression_s3tc GL_EXT_texture_filter_anisotropic GL_EXT_texture_integer GL_EXT_texture_sRGB GL_EXT_texture_sRGB_R8 GL_EXT_texture_sRGB_decode GL_EXT_texture_shadow_lod GL_EXT_texture_shared_exponent GL_EXT_texture_snorm GL_EXT_texture_swizzle GL_EXT_timer_query GL_EXT_transform_feedback GL_EXT_vertex_array_bgra GL_EXT_vertex_attrib_64bit GL_IBM_multimode_draw_arrays GL_INTEL_blackhole
_render GL_INTEL_performance_query GL_KHR_blend_equation_advanced GL_KHR_context_flush_control GL_KHR_debug GL_KHR_no_error GL_KHR_parallel_shader_compile GL_KHR_robust_buffer_access_behavior GL_KHR_robustness GL_KHR_texture_compression_astc_ldr GL_KHR_texture_compression_astc_sliced_3d GL_MESA_framebuffer_flip_y GL_MESA_pack_invert GL_MESA_shader_integer_functions GL_MESA_texture_signed_rgba GL_NV_alpha_to_coverage_dither_control GL_NV_compute_shader_derivatives GL_NV_conditional_render GL_NV_copy_image GL_NV_depth_clamp GL_NV_packed_depth_stencil GL_NV_texture_barrier GL_OES_EGL_image GL_S3_s3tc
OPENGL LOG: Creating OpenGL 4.6 graphics device ; Context level  <OpenGL 4.5> ; Context handle 65459376
Begin MonoManager ReloadAssembly
- Completed reload, in  0.187 seconds
Default vsync count 1
requesting resize 1024 x 768
Using native desktop resolution 1366 x 768
requesting fullscreen 1366 x 768 at 0 Hz
Desktop is 1366 x 768 @ 60 Hz
UnloadTime: 1.095000 ms
Fallback handler could not load library /home/robodool/Downloads/baldi/BALDI_Data/Mono/x86_64/libudev.so.0
Fallback handler could not load library /home/robodool/Downloads/baldi/BALDI_Data/Mono/x86_64/libudev.so.0.so
Fallback handler could not load library /home/robodool/Downloads/baldi/BALDI_Data/Mono/x86_64/./libudev.so.0
Fallback handler could not load library /home/robodool/Downloads/baldi/BALDI_Data/Mono/x86_64/./libudev.so.0.so
Fallback handler could not load library /home/robodool/Downloads/baldi/BALDI_Data/Mono/x86_64/libudev.so.0
Fallback handler could not load library /home/robodool/Downloads/baldi/BALDI_Data/Mono/x86_64/libudev.so.0
Fallback handler could not load library /home/robodool/Downloads/baldi/BALDI_Data/Mono/x86_64/libudev.so.0.so
Fallback handler could not load library /home/robodool/Downloads/baldi/BALDI_Data/Mono/x86_64/./libudev.so.0
Fallback handler could not load library /home/robodool/Downloads/baldi/BALDI_Data/Mono/x86_64/./libudev.so.0.so
Fallback handler could not load library /home/robodool/Downloads/baldi/BALDI_Data/Mono/x86_64/libudev.so.0
Fallback handler could not load library /home/robodool/Downloads/baldi/BALDI_Data/Mono/x86_64/libudev.so.0
Fallback handler could not load library /home/robodool/Downloads/baldi/BALDI_Data/Mono/x86_64/libudev.so.0.so
Fallback handler could not load library /home/robodool/Downloads/baldi/BALDI_Data/Mono/x86_64/./libudev.so.0
Fallback handler could not load library /home/robodool/Downloads/baldi/BALDI_Data/Mono/x86_64/./libudev.so.0.so
Fallback handler could not load library /home/robodool/Downloads/baldi/BALDI_Data/Mono/x86_64/libudev.so.0
Fallback handler could not load library /home/robodool/Downloads/baldi/BALDI_Data/Mono/x86_64/libudev.so.0
Fallback handler could not load library /home/robodool/Downloads/baldi/BALDI_Data/Mono/x86_64/libudev.so.0.so
Fallback handler could not load library /home/robodool/Downloads/baldi/BALDI_Data/Mono/x86_64/./libudev.so.0
Fallback handler could not load library /home/robodool/Downloads/baldi/BALDI_Data/Mono/x86_64/./libudev.so.0.so
Fallback handler could not load library /home/robodool/Downloads/baldi/BALDI_Data/Mono/x86_64/libudev.so.0
Fallback handler could not load library /home/robodool/Downloads/baldi/BALDI_Data/Mono/x86_64/libudev.so.0
Fallback handler could not load library /home/robodool/Downloads/baldi/BALDI_Data/Mono/x86_64/libudev.so.0.so
Fallback handler could not load library /home/robodool/Downloads/baldi/BALDI_Data/Mono/x86_64/./libudev.so.0
Fallback handler could not load library /home/robodool/Downloads/baldi/BALDI_Data/Mono/x86_64/./libudev.so.0.so
Fallback handler could not load library /home/robodool/Downloads/baldi/BALDI_Data/Mono/x86_64/libudev.so.0
Fallback handler could not load library /home/robodool/Downloads/baldi/BALDI_Data/Mono/x86_64/libudev.so.0
Fallback handler could not load library /home/robodool/Downloads/baldi/BALDI_Data/Mono/x86_64/libudev.so.0.so
Fallback handler could not load library /home/robodool/Downloads/baldi/BALDI_Data/Mono/x86_64/./libudev.so.0
Fallback handler could not load library /home/robodool/Downloads/baldi/BALDI_Data/Mono/x86_64/./libudev.so.0.so
Fallback handler could not load library /home/robodool/Downloads/baldi/BALDI_Data/Mono/x86_64/libudev.so.0
Fallback handler could not load library /home/robodool/Downloads/baldi/BALDI_Data/Mono/x86_64/libsteam_api
Fallback handler could not load library /home/robodool/Downloads/baldi/BALDI_Data/Mono/x86_64/libsteam_api.so
Fallback handler could not load library /home/robodool/Downloads/baldi/BALDI_Data/Mono/x86_64/./libsteam_api
Fallback handler could not load library /home/robodool/Downloads/baldi/BALDI_Data/Mono/x86_64/./libsteam_api.so
Fallback handler could not load library /home/robodool/Downloads/baldi/BALDI_Data/Mono/x86_64/libsteam_api
Fallback handler could not load library /home/robodool/Downloads/baldi/BALDI_Data/Mono/x86_64/libsteam_api
Fallback handler could not load library /home/robodool/Downloads/baldi/BALDI_Data/Mono/x86_64/libsteam_api.so
Fallback handler could not load library /home/robodool/Downloads/baldi/BALDI_Data/Mono/x86_64/./libsteam_api
Fallback handler could not load library /home/robodool/Downloads/baldi/BALDI_Data/Mono/x86_64/./libsteam_api.so
Fallback handler could not load library /home/robodool/Downloads/baldi/BALDI_Data/Mono/x86_64/libsteam_api
Fallback handler could not load library /home/robodool/Downloads/baldi/BALDI_Data/Mono/x86_64/libudev.so.0
Fallback handler could not load library /home/robodool/Downloads/baldi/BALDI_Data/Mono/x86_64/libudev.so.0.so
Fallback handler could not load library /home/robodool/Downloads/baldi/BALDI_Data/Mono/x86_64/./libudev.so.0
Fallback handler could not load library /home/robodool/Downloads/baldi/BALDI_Data/Mono/x86_64/./libudev.so.0.so
Fallback handler could not load library /home/robodool/Downloads/baldi/BALDI_Data/Mono/x86_64/libudev.so.0
Fallback handler could not load library /home/robodool/Downloads/baldi/BALDI_Data/Mono/x86_64/libudev.so.0
Fallback handler could not load library /home/robodool/Downloads/baldi/BALDI_Data/Mono/x86_64/libudev.so.0.so
Fallback handler could not load library /home/robodool/Downloads/baldi/BALDI_Data/Mono/x86_64/./libudev.so.0
Fallback handler could not load library /home/robodool/Downloads/baldi/BALDI_Data/Mono/x86_64/./libudev.so.0.so
Fallback handler could not load library /home/robodool/Downloads/baldi/BALDI_Data/Mono/x86_64/libudev.so.0
Fallback handler could not load library /home/robodool/Downloads/baldi/BALDI_Data/Mono/x86_64/libudev.so.0
Fallback handler could not load library /home/robodool/Downloads/baldi/BALDI_Data/Mono/x86_64/libudev.so.0.so
Fallback handler could not load library /home/robodool/Downloads/baldi/BALDI_Data/Mono/x86_64/./libudev.so.0
Fallback handler could not load library /home/robodool/Downloads/baldi/BALDI_Data/Mono/x86_64/./libudev.so.0.so
Fallback handler could not load library /home/robodool/Downloads/baldi/BALDI_Data/Mono/x86_64/libudev.so.0
Fallback handler could not load library /home/robodool/Downloads/baldi/BALDI_Data/Mono/x86_64/libudev.so.0
Fallback handler could not load library /home/robodool/Downloads/baldi/BALDI_Data/Mono/x86_64/libudev.so.0.so
Fallback handler could not load library /home/robodool/Downloads/baldi/BALDI_Data/Mono/x86_64/./libudev.so.0
Fallback handler could not load library /home/robodool/Downloads/baldi/BALDI_Data/Mono/x86_64/./libudev.so.0.so
Fallback handler could not load library /home/robodool/Downloads/baldi/BALDI_Data/Mono/x86_64/libudev.so.0
Fallback handler could not load library /home/robodool/Downloads/baldi/BALDI_Data/Mono/x86_64/libudev.so.0
Fallback handler could not load library /home/robodool/Downloads/baldi/BALDI_Data/Mono/x86_64/libudev.so.0.so
Fallback handler could not load library /home/robodool/Downloads/baldi/BALDI_Data/Mono/x86_64/./libudev.so.0
Fallback handler could not load library /home/robodool/Downloads/baldi/BALDI_Data/Mono/x86_64/./libudev.so.0.so
Fallback handler could not load library /home/robodool/Downloads/baldi/BALDI_Data/Mono/x86_64/libudev.so.0
Fallback handler could not load library /home/robodool/Downloads/baldi/BALDI_Data/Mono/x86_64/libudev.so.0
Fallback handler could not load library /home/robodool/Downloads/baldi/BALDI_Data/Mono/x86_64/libudev.so.0.so
Fallback handler could not load library /home/robodool/Downloads/baldi/BALDI_Data/Mono/x86_64/./libudev.so.0
Fallback handler could not load library /home/robodool/Downloads/baldi/BALDI_Data/Mono/x86_64/./libudev.so.0.so
Fallback handler could not load library /home/robodool/Downloads/baldi/BALDI_Data/Mono/x86_64/libudev.so.0
Fallback handler could not load library /home/robodool/Downloads/baldi/BALDI_Data/Mono/x86_64/libudev.so.0
Fallback handler could not load library /home/robodool/Downloads/baldi/BALDI_Data/Mono/x86_64/libudev.so.0.so
Fallback handler could not load library /home/robodool/Downloads/baldi/BALDI_Data/Mono/x86_64/./libudev.so.0
Fallback handler could not load library /home/robodool/Downloads/baldi/BALDI_Data/Mono/x86_64/./libudev.so.0.so
Fallback handler could not load library /home/robodool/Downloads/baldi/BALDI_Data/Mono/x86_64/libudev.so.0
Fallback handler could not load library /home/robodool/Downloads/baldi/BALDI_Data/Mono/x86_64/libudev.so.0
Fallback handler could not load library /home/robodool/Downloads/baldi/BALDI_Data/Mono/x86_64/libudev.so.0.so
Fallback handler could not load library /home/robodool/Downloads/baldi/BALDI_Data/Mono/x86_64/./libudev.so.0
Fallback handler could not load library /home/robodool/Downloads/baldi/BALDI_Data/Mono/x86_64/./libudev.so.0.so
Fallback handler could not load library /home/robodool/Downloads/baldi/BALDI_Data/Mono/x86_64/libudev.so.0
Fallback handler could not load library /home/robodool/Downloads/baldi/BALDI_Data/Mono/x86_64/libudev.so.0
Fallback handler could not load library /home/robodool/Downloads/baldi/BALDI_Data/Mono/x86_64/libudev.so.0.so
Fallback handler could not load library /home/robodool/Downloads/baldi/BALDI_Data/Mono/x86_64/./libudev.so.0
Fallback handler could not load library /home/robodool/Downloads/baldi/BALDI_Data/Mono/x86_64/./libudev.so.0.so
Fallback handler could not load library /home/robodool/Downloads/baldi/BALDI_Data/Mono/x86_64/libudev.so.0
Fallback handler could not load library /home/robodool/Downloads/baldi/BALDI_Data/Mono/x86_64/libudev.so.0
Fallback handler could not load library /home/robodool/Downloads/baldi/BALDI_Data/Mono/x86_64/libudev.so.0.so
Fallback handler could not load library /home/robodool/Downloads/baldi/BALDI_Data/Mono/x86_64/./libudev.so.0
Fallback handler could not load library /home/robodool/Downloads/baldi/BALDI_Data/Mono/x86_64/./libudev.so.0.so
Fallback handler could not load library /home/robodool/Downloads/baldi/BALDI_Data/Mono/x86_64/libudev.so.0
Fallback handler could not load library /home/robodool/Downloads/baldi/BALDI_Data/Mono/x86_64/libudev.so.0
Fallback handler could not load library /home/robodool/Downloads/baldi/BALDI_Data/Mono/x86_64/libudev.so.0.so
Fallback handler could not load library /home/robodool/Downloads/baldi/BALDI_Data/Mono/x86_64/./libudev.so.0
Fallback handler could not load library /home/robodool/Downloads/baldi/BALDI_Data/Mono/x86_64/./libudev.so.0.so
Fallback handler could not load library /home/robodool/Downloads/baldi/BALDI_Data/Mono/x86_64/libudev.so.0
Fallback handler could not load library /home/robodool/Downloads/baldi/BALDI_Data/Mono/x86_64/libudev.so.0
Fallback handler could not load library /home/robodool/Downloads/baldi/BALDI_Data/Mono/x86_64/libudev.so.0.so
Fallback handler could not load library /home/robodool/Downloads/baldi/BALDI_Data/Mono/x86_64/./libudev.so.0
Fallback handler could not load library /home/robodool/Downloads/baldi/BALDI_Data/Mono/x86_64/./libudev.so.0.so
Fallback handler could not load library /home/robodool/Downloads/baldi/BALDI_Data/Mono/x86_64/libudev.so.0
Fallback handler could not load library /home/robodool/Downloads/baldi/BALDI_Data/Mono/x86_64/libudev.so.0
Fallback handler could not load library /home/robodool/Downloads/baldi/BALDI_Data/Mono/x86_64/libudev.so.0.so
Fallback handler could not load library /home/robodool/Downloads/baldi/BALDI_Data/Mono/x86_64/./libudev.so.0
Fallback handler could not load library /home/robodool/Downloads/baldi/BALDI_Data/Mono/x86_64/./libudev.so.0.so
Fallback handler could not load library /home/robodool/Downloads/baldi/BALDI_Data/Mono/x86_64/libudev.so.0
Fallback handler could not load library /home/robodool/Downloads/baldi/BALDI_Data/Mono/x86_64/libudev.so.0
Fallback handler could not load library /home/robodool/Downloads/baldi/BALDI_Data/Mono/x86_64/libudev.so.0.so
Fallback handler could not load library /home/robodool/Downloads/baldi/BALDI_Data/Mono/x86_64/./libudev.so.0
Fallback handler could not load library /home/robodool/Downloads/baldi/BALDI_Data/Mono/x86_64/./libudev.so.0.so
Fallback handler could not load library /home/robodool/Downloads/baldi/BALDI_Data/Mono/x86_64/libudev.so.0
Setting up 2 worker threads for Enlighten.
  Thread -> id: 7f9fd96166c0 -> priority: 1 
  Thread -> id: 7f9fd8e156c0 -> priority: 1 
Failed setting thread niceness (priority) to 0 due to EACCES (errno 13) violation. Lowering niceness (raising priority) requires CAP_SYS_NICE or superuser.
 
(Filename:  Line: 127)

Unloading 6 Unused Serialized files (Serialized files now loaded: 0)
UnloadTime: 33.169000 ms

Unloading 7 unused Assets to reduce memory usage. Loaded Objects now: 2454.
Total: 48.111000 ms (FindLiveObjects: 2.169000 ms CreateObjectMapping: 0.415000 ms MarkObjects: 45.396000 ms  DeleteObjects: 0.129000 ms)

WARNING: Shader Unsupported: 'LightweightPipeline/Standard (Physically Based)' - Pass 'Meta' has no vertex shader
Unloading 6 Unused Serialized files (Serialized files now loaded: 0)
WARNING: Shader Unsupported: 'Standard' - Pass 'META' has no vertex shader
WARNING: Shader Unsupported: 'Standard' - Pass 'META' has no vertex shader
UnloadTime: 7.559000 ms

Unloading 707 unused Assets to reduce memory usage. Loaded Objects now: 23643.
Total: 58.631000 ms (FindLiveObjects: 7.146000 ms CreateObjectMapping: 1.206000 ms MarkObjects: 48.255000 ms  DeleteObjects: 2.022000 ms)

Unloading 4 Unused Serialized files (Serialized files now loaded: 0)
UnloadTime: 84.583000 ms

Unloading 1244 unused Assets to reduce memory usage. Loaded Objects now: 2472.
Total: 61.807000 ms (FindLiveObjects: 2.527000 ms CreateObjectMapping: 0.674000 ms MarkObjects: 47.361000 ms  DeleteObjects: 11.243000 ms)

Unloading 6 Unused Serialized files (Serialized files now loaded: 0)
WARNING: Shader Unsupported: 'Standard' - Pass 'META' has no vertex shader
WARNING: Shader Unsupported: 'Standard' - Pass 'META' has no vertex shader
WARNING: Shader Unsupported: 'LightweightPipeline/Standard (Physically Based)' - Pass 'Meta' has no vertex shader
UnloadTime: 4.033000 ms

Unloading 705 unused Assets to reduce memory usage. Loaded Objects now: 23645.
Total: 63.386000 ms (FindLiveObjects: 6.610000 ms CreateObjectMapping: 1.051000 ms MarkObjects: 53.698000 ms  DeleteObjects: 2.025000 ms)

Changing real window size to 662 x 712
Changing real window size to 1366 x 768
Unloading 4 Unused Serialized files (Serialized files now loaded: 0)
UnloadTime: 81.112000 ms

Unloading 1244 unused Assets to reduce memory usage. Loaded Objects now: 2472.
Total: 69.786000 ms (FindLiveObjects: 2.215000 ms CreateObjectMapping: 0.588000 ms MarkObjects: 53.752000 ms  DeleteObjects: 13.229000 ms)

Changing real window size to 662 x 712
Changing real window size to 1366 x 768
Unloading 6 Unused Serialized files (Serialized files now loaded: 0)
WARNING: Shader Unsupported: 'Standard' - Pass 'META' has no vertex shader
WARNING: Shader Unsupported: 'Standard' - Pass 'META' has no vertex shader
WARNING: Shader Unsupported: 'LightweightPipeline/Standard (Physically Based)' - Pass 'Meta' has no vertex shader
UnloadTime: 9.755000 ms

Unloading 703 unused Assets to reduce memory usage. Loaded Objects now: 23647.
Total: 65.383000 ms (FindLiveObjects: 6.649000 ms CreateObjectMapping: 1.294000 ms MarkObjects: 55.268000 ms  DeleteObjects: 2.172000 ms)

Unloading 5 Unused Serialized files (Serialized files now loaded: 0)
UnloadTime: 65.660000 ms

Unloading 1264 unused Assets to reduce memory usage. Loaded Objects now: 904.
Total: 60.702000 ms (FindLiveObjects: 2.069000 ms CreateObjectMapping: 0.371000 ms MarkObjects: 44.289000 ms  DeleteObjects: 13.970000 ms)

Unloading 4 Unused Serialized files (Serialized files now loaded: 0)
UnloadTime: 2.084000 ms

Unloading 16 unused Assets to reduce memory usage. Loaded Objects now: 2472.
Total: 116.999000 ms (FindLiveObjects: 3.861000 ms CreateObjectMapping: 0.541000 ms MarkObjects: 112.359000 ms  DeleteObjects: 0.234000 ms)

Unloading 6 Unused Serialized files (Serialized files now loaded: 0)
WARNING: Shader Unsupported: 'Standard' - Pass 'META' has no vertex shader
WARNING: Shader Unsupported: 'Standard' - Pass 'META' has no vertex shader
WARNING: Shader Unsupported: 'LightweightPipeline/Standard (Physically Based)' - Pass 'Meta' has no vertex shader
UnloadTime: 4.299000 ms

Unloading 701 unused Assets to reduce memory usage. Loaded Objects now: 23649.
Total: 63.338000 ms (FindLiveObjects: 8.605000 ms CreateObjectMapping: 1.045000 ms MarkObjects: 51.463000 ms  DeleteObjects: 2.223000 ms)

