00:00:04.625484 VirtualBox GUI VM Selector Window 7.0.8 r156879 linux.amd64 (Apr 18 2023 21:49:14) release log
00:00:04.625497 Log opened 2023-07-24T06:41:30.878481000Z
00:00:04.625503 Build Type: release
00:00:04.625520 OS Product: Linux
00:00:04.625536 OS Release: 6.1.36-1-lts
00:00:04.625545 OS Version: #1 SMP PREEMPT_DYNAMIC Wed, 28 Jun 2023 19:23:07 +0000
00:00:04.625754 DMI Product Name: Inspiron 15-3552
00:00:04.625900 DMI Product Version: 4.4.0
00:00:04.626013 Firmware type: BIOS
00:00:04.626348 Host RAM: 7858MB (7.6GB) total, 7376MB (7.2GB) available
00:00:04.626375 Executable: /usr/lib/virtualbox/VirtualBox
00:00:04.626379 Process ID: 3112
00:00:04.626384 Package type: LINUX_64BITS_GENERIC (OSE)
00:00:04.626609 Qt version: 5.15.10
00:00:04.642132 GUI: UIMediumEnumerator: Initial medium-enumeration finished!
00:00:04.802870 GUI: UIMediumEnumerator: Medium-enumeration started...
00:00:09.464280 GUI: UIDesktopWidgetWatchdog::sltHandleHostScreenAvailableGeometryCalculated: Screen 0 work area is actually resized to: 0x30 x 1360x732
00:00:09.561257 GUI: UIMediumEnumerator: Medium-enumeration finished!
00:01:23.979767 GUI: UIMediumEnumerator: Medium with key={{b99b92e4-d235-49dc-ae6f-09eae85a051a}} created
00:01:25.141948 GUI: UIMediumEnumerator: Medium-enumeration finished!
00:01:31.582542 GUI: UIMediumEnumerator: Medium-enumeration finished!
00:01:32.226587 GUI: UIMediumEnumerator: Medium-enumeration finished!
00:01:34.241229 GUI: UIMediumEnumerator: Medium-enumeration finished!
