00:00:00.048582 main     VirtualBox XPCOM Server 7.0.8 r156879 linux.amd64 (Apr 18 2023 21:49:14) release log
00:00:00.048599 main     Log opened 2023-07-24T06:41:29.164919000Z
00:00:00.048606 main     Build Type: release
00:00:00.048623 main     OS Product: Linux
00:00:00.048634 main     OS Release: 6.1.36-1-lts
00:00:00.048644 main     OS Version: #1 SMP PREEMPT_DYNAMIC Wed, 28 Jun 2023 19:23:07 +0000
00:00:00.048818 main     DMI Product Name: Inspiron 15-3552
00:00:00.048956 main     DMI Product Version: 4.4.0
00:00:00.049106 main     Firmware type: BIOS
00:00:00.049439 main     Host RAM: 7858MB (7.6GB) total, 7393MB (7.2GB) available
00:00:00.049468 main     Executable: /usr/lib/virtualbox/VBoxSVC
00:00:00.049473 main     Process ID: 3135
00:00:00.049478 main     Package type: LINUX_64BITS_GENERIC (OSE)
00:00:00.066460 main     IPC socket path: /tmp/.vbox-robodool-ipc/ipcd
00:00:00.205838 nspr-2   VirtualBox: object creation starts
00:00:00.210230 nspr-2   Home directory: '/home/robodool/.config/VirtualBox'
00:00:00.222679 nspr-2   Loading settings file "/home/robodool/.config/VirtualBox/VirtualBox.xml" with version "1.12-linux"
00:00:00.323866 nspr-2   Failed to retrive disk info: getDiskName(/dev/mapper/volgroup0-lv_root) --> volgroup0-lv_root
00:00:00.367911 nspr-2   NetIfAdpCtlOut: VBoxNetAdpCtl: Error while retrieving link speed for wlp1s0: VBoxNetAdpCtl: ioctl failed: Operation not supported
00:00:00.372709 nspr-2   HostDnsMonitor: initializing
00:00:00.374811 nspr-2   NAT: resolv.conf: nameserver 192.168.254.254
00:00:00.374919 nspr-2   NAT: resolv.conf: nameserver 192.168.68.1
00:00:00.374980 nspr-2   HostDnsMonitor: updating information
00:00:00.375032 nspr-2   HostDnsMonitor: old information
00:00:00.375044 nspr-2     no server entries
00:00:00.375054 nspr-2     no domain set
00:00:00.375063 nspr-2     no search string entries
00:00:00.375072 nspr-2   HostDnsMonitor: new information
00:00:00.375080 nspr-2     server 1: 192.168.254.254
00:00:00.375090 nspr-2     server 2: 192.168.68.1
00:00:00.375099 nspr-2     no domain set
00:00:00.375107 nspr-2     no search string entries
00:00:00.419482 nspr-2   VD: VDInit finished with VINF_SUCCESS
00:00:00.423930 nspr-2   ERROR [COM]: aRC=NS_ERROR_FAILURE (0x80004005) aIID={aac6c7cb-a371-4c58-ab51-0616896b2f2c} aComponent={SystemPropertiesWrap} aText={Cannot determine default Guest Additions ISO location. Most likely they are not available}, preserve=false aResultDetail=0
00:00:00.517041 nspr-2   ERROR [COM]: aRC=NS_ERROR_FAILURE (0x80004005) aIID={300763af-5d6b-46e6-aa96-273eac15538a} aComponent={MachineWrap} aText={Runtime error opening '/home/robodool/VirtualBox VMs/Android_/Android_.vbox' for reading VERR_FILE_NOT_FOUND (File not found.).
00:00:00.517094 nspr-2   /build/virtualbox/src/VirtualBox-7.0.8/src/VBox/Main/src-server/MachineImpl.cpp[1011] (nsresult Machine::i_registeredInit())}, preserve=false aResultDetail=0
00:00:00.575153 nspr-2   Loading settings file "/home/robodool/VirtualBox VMs/Lakka/Lakka.vbox" with version "1.19-linux"
00:00:00.611467 nspr-2   Loading settings file "/home/robodool/VirtualBox VMs/Retro/Retro.vbox" with version "1.19-linux"
00:00:00.616748 nspr-2   VirtualBox: object created
00:00:05.920113 nspr-3   ERROR [COM]: aRC=NS_ERROR_FAILURE (0x80004005) aIID={300763af-5d6b-46e6-aa96-273eac15538a} aComponent={MachineWrap} aText={Runtime error opening '/home/robodool/VirtualBox VMs/Android_/Android_.vbox' for reading VERR_FILE_NOT_FOUND (File not found.).
00:00:05.920165 nspr-3   /build/virtualbox/src/VirtualBox-7.0.8/src/VBox/Main/src-server/MachineImpl.cpp[1011] (nsresult Machine::i_registeredInit())}, preserve=false aResultDetail=0
00:00:05.928455 nspr-3   ERROR [COM]: aRC=NS_ERROR_FAILURE (0x80004005) aIID={300763af-5d6b-46e6-aa96-273eac15538a} aComponent={MachineWrap} aText={Runtime error opening '/home/robodool/VirtualBox VMs/Android_/Android_.vbox' for reading VERR_FILE_NOT_FOUND (File not found.).
00:00:05.928508 nspr-3   /build/virtualbox/src/VirtualBox-7.0.8/src/VBox/Main/src-server/MachineImpl.cpp[1011] (nsresult Machine::i_registeredInit())}, preserve=false aResultDetail=0
00:00:05.939661 nspr-2   ERROR [COM]: aRC=NS_ERROR_FAILURE (0x80004005) aIID={300763af-5d6b-46e6-aa96-273eac15538a} aComponent={MachineWrap} aText={Runtime error opening '/home/robodool/VirtualBox VMs/Android_/Android_.vbox' for reading VERR_FILE_NOT_FOUND (File not found.).
00:00:05.939708 nspr-2   /build/virtualbox/src/VirtualBox-7.0.8/src/VBox/Main/src-server/MachineImpl.cpp[1011] (nsresult Machine::i_registeredInit())}, preserve=false aResultDetail=0
00:00:06.728135 nspr-3   WARNING [COM]: aRC=NS_ERROR_FAILURE (0x80004005) aIID={e54f6256-97a7-4947-8a78-10c013ddf4b8} aComponent={HostWrap} aText={VirtualBox is not currently allowed to access USB devices.  You can change this by adding your user to the 'vboxusers' group.  Please see the user manual for a more detailed explanation}, preserve=true aResultDetail=0
00:00:06.740014 nspr-5   WARNING [COM]: aRC=NS_ERROR_FAILURE (0x80004005) aIID={e54f6256-97a7-4947-8a78-10c013ddf4b8} aComponent={HostWrap} aText={VirtualBox is not currently allowed to access USB devices.  You can change this by adding your user to the 'vboxusers' group.  Please see the user manual for a more detailed explanation}, preserve=false aResultDetail=0
00:00:06.965393 nspr-6   ERROR [COM]: aRC=VBOX_E_INVALID_VM_STATE (0x80bb0002) aIID={300763af-5d6b-46e6-aa96-273eac15538a} aComponent={MachineWrap} aText={The machine is not mutable (state is PoweredOff)}, preserve=false aResultDetail=0
00:00:07.670934 nspr-6   WARNING [COM]: aRC=NS_ERROR_FAILURE (0x80004005) aIID={e54f6256-97a7-4947-8a78-10c013ddf4b8} aComponent={HostWrap} aText={VirtualBox is not currently allowed to access USB devices.  You can change this by adding your user to the 'vboxusers' group.  Please see the user manual for a more detailed explanation}, preserve=true aResultDetail=0
00:00:07.682944 nspr-2   WARNING [COM]: aRC=NS_ERROR_FAILURE (0x80004005) aIID={e54f6256-97a7-4947-8a78-10c013ddf4b8} aComponent={HostWrap} aText={VirtualBox is not currently allowed to access USB devices.  You can change this by adding your user to the 'vboxusers' group.  Please see the user manual for a more detailed explanation}, preserve=true aResultDetail=0
00:00:09.082608 nspr-3   Saving settings file "/home/robodool/.config/VirtualBox/VirtualBox.xml" with version "1.12-linux"
00:00:09.308832 nspr-3   Finished saving settings file "/home/robodool/.config/VirtualBox/VirtualBox.xml"
00:00:09.334844 nspr-4   WARNING [COM]: aRC=NS_ERROR_FAILURE (0x80004005) aIID={e54f6256-97a7-4947-8a78-10c013ddf4b8} aComponent={HostWrap} aText={VirtualBox is not currently allowed to access USB devices.  You can change this by adding your user to the 'vboxusers' group.  Please see the user manual for a more detailed explanation}, preserve=true aResultDetail=0
00:00:09.463993 nspr-6   Saving settings file "/home/robodool/.config/VirtualBox/VirtualBox.xml" with version "1.12-linux"
00:00:09.564820 nspr-6   Finished saving settings file "/home/robodool/.config/VirtualBox/VirtualBox.xml"
00:00:09.665363 nspr-5   ERROR [COM]: aRC=E_ACCESSDENIED (0x80070005) aIID={300763af-5d6b-46e6-aa96-273eac15538a} aComponent={MachineWrap} aText={The object functionality is limited}, preserve=false aResultDetail=0
00:00:09.735837 nspr-5   ERROR [COM]: aRC=NS_ERROR_FAILURE (0x80004005) aIID={300763af-5d6b-46e6-aa96-273eac15538a} aComponent={MachineWrap} aText={Runtime error opening '/home/robodool/VirtualBox VMs/Android_/Android_.vbox' for reading VERR_FILE_NOT_FOUND (File not found.).
00:00:09.735879 nspr-5   /build/virtualbox/src/VirtualBox-7.0.8/src/VBox/Main/src-server/MachineImpl.cpp[1011] (nsresult Machine::i_registeredInit())}, preserve=false aResultDetail=0
00:00:09.788912 nspr-4   ERROR [COM]: aRC=NS_ERROR_FAILURE (0x80004005) aIID={300763af-5d6b-46e6-aa96-273eac15538a} aComponent={MachineWrap} aText={Runtime error opening '/home/robodool/VirtualBox VMs/Android_/Android_.vbox' for reading VERR_FILE_NOT_FOUND (File not found.).
00:00:09.788955 nspr-4   /build/virtualbox/src/VirtualBox-7.0.8/src/VBox/Main/src-server/MachineImpl.cpp[1011] (nsresult Machine::i_registeredInit())}, preserve=false aResultDetail=0
00:00:09.797378 nspr-3   ERROR [COM]: aRC=NS_ERROR_FAILURE (0x80004005) aIID={300763af-5d6b-46e6-aa96-273eac15538a} aComponent={MachineWrap} aText={Runtime error opening '/home/robodool/VirtualBox VMs/Android_/Android_.vbox' for reading VERR_FILE_NOT_FOUND (File not found.).
00:00:09.797402 nspr-3   /build/virtualbox/src/VirtualBox-7.0.8/src/VBox/Main/src-server/MachineImpl.cpp[1011] (nsresult Machine::i_registeredInit())}, preserve=false aResultDetail=0
00:00:09.799476 nspr-5   ERROR [COM]: aRC=E_ACCESSDENIED (0x80070005) aIID={300763af-5d6b-46e6-aa96-273eac15538a} aComponent={MachineWrap} aText={The object functionality is limited}, preserve=false aResultDetail=0
00:00:09.806765 nspr-3   ERROR [COM]: aRC=E_ACCESSDENIED (0x80070005) aIID={300763af-5d6b-46e6-aa96-273eac15538a} aComponent={MachineWrap} aText={The object functionality is limited}, preserve=false aResultDetail=0
00:00:09.839454 nspr-5   ERROR [COM]: aRC=NS_ERROR_FAILURE (0x80004005) aIID={300763af-5d6b-46e6-aa96-273eac15538a} aComponent={MachineWrap} aText={Runtime error opening '/home/robodool/VirtualBox VMs/Android_/Android_.vbox' for reading VERR_FILE_NOT_FOUND (File not found.).
00:00:09.839504 nspr-5   /build/virtualbox/src/VirtualBox-7.0.8/src/VBox/Main/src-server/MachineImpl.cpp[1011] (nsresult Machine::i_registeredInit())}, preserve=false aResultDetail=0
00:00:09.865001 nspr-3   ERROR [COM]: aRC=NS_ERROR_FAILURE (0x80004005) aIID={300763af-5d6b-46e6-aa96-273eac15538a} aComponent={MachineWrap} aText={Runtime error opening '/home/robodool/VirtualBox VMs/Android_/Android_.vbox' for reading VERR_FILE_NOT_FOUND (File not found.).
00:00:09.865020 nspr-3   /build/virtualbox/src/VirtualBox-7.0.8/src/VBox/Main/src-server/MachineImpl.cpp[1011] (nsresult Machine::i_registeredInit())}, preserve=false aResultDetail=0
00:00:09.884417 nspr-2   ERROR [COM]: aRC=NS_ERROR_FAILURE (0x80004005) aIID={300763af-5d6b-46e6-aa96-273eac15538a} aComponent={MachineWrap} aText={Runtime error opening '/home/robodool/VirtualBox VMs/Android_/Android_.vbox' for reading VERR_FILE_NOT_FOUND (File not found.).
00:00:09.884461 nspr-2   /build/virtualbox/src/VirtualBox-7.0.8/src/VBox/Main/src-server/MachineImpl.cpp[1011] (nsresult Machine::i_registeredInit())}, preserve=false aResultDetail=0
00:00:09.908204 nspr-5   ERROR [COM]: aRC=NS_ERROR_FAILURE (0x80004005) aIID={300763af-5d6b-46e6-aa96-273eac15538a} aComponent={MachineWrap} aText={Runtime error opening '/home/robodool/VirtualBox VMs/Android_/Android_.vbox' for reading VERR_FILE_NOT_FOUND (File not found.).
00:00:09.908250 nspr-5   /build/virtualbox/src/VirtualBox-7.0.8/src/VBox/Main/src-server/MachineImpl.cpp[1011] (nsresult Machine::i_registeredInit())}, preserve=false aResultDetail=0
00:00:09.929615 nspr-3   ERROR [COM]: aRC=NS_ERROR_FAILURE (0x80004005) aIID={300763af-5d6b-46e6-aa96-273eac15538a} aComponent={MachineWrap} aText={Runtime error opening '/home/robodool/VirtualBox VMs/Android_/Android_.vbox' for reading VERR_FILE_NOT_FOUND (File not found.).
00:00:09.929641 nspr-3   /build/virtualbox/src/VirtualBox-7.0.8/src/VBox/Main/src-server/MachineImpl.cpp[1011] (nsresult Machine::i_registeredInit())}, preserve=false aResultDetail=0
00:00:09.944730 nspr-2   ERROR [COM]: aRC=NS_ERROR_FAILURE (0x80004005) aIID={300763af-5d6b-46e6-aa96-273eac15538a} aComponent={MachineWrap} aText={Runtime error opening '/home/robodool/VirtualBox VMs/Android_/Android_.vbox' for reading VERR_FILE_NOT_FOUND (File not found.).
00:00:09.944746 nspr-2   /build/virtualbox/src/VirtualBox-7.0.8/src/VBox/Main/src-server/MachineImpl.cpp[1011] (nsresult Machine::i_registeredInit())}, preserve=false aResultDetail=0
00:00:14.651937 nspr-3   ERROR [COM]: aRC=NS_ERROR_FAILURE (0x80004005) aIID={300763af-5d6b-46e6-aa96-273eac15538a} aComponent={MachineWrap} aText={Runtime error opening '/home/robodool/VirtualBox VMs/Android_/Android_.vbox' for reading VERR_FILE_NOT_FOUND (File not found.).
00:00:14.651986 nspr-3   /build/virtualbox/src/VirtualBox-7.0.8/src/VBox/Main/src-server/MachineImpl.cpp[1011] (nsresult Machine::i_registeredInit())}, preserve=false aResultDetail=0
00:00:15.922712 nspr-3   Saving settings file "/home/robodool/.config/VirtualBox/VirtualBox.xml" with version "1.12-linux"
00:00:16.070347 nspr-3   Finished saving settings file "/home/robodool/.config/VirtualBox/VirtualBox.xml"
00:00:16.101234 nspr-5   Saving settings file "/home/robodool/.config/VirtualBox/VirtualBox.xml" with version "1.12-linux"
00:00:16.171346 nspr-5   Finished saving settings file "/home/robodool/.config/VirtualBox/VirtualBox.xml"
00:00:16.307033 nspr-2   WARNING [COM]: aRC=NS_ERROR_FAILURE (0x80004005) aIID={e54f6256-97a7-4947-8a78-10c013ddf4b8} aComponent={HostWrap} aText={VirtualBox is not currently allowed to access USB devices.  You can change this by adding your user to the 'vboxusers' group.  Please see the user manual for a more detailed explanation}, preserve=true aResultDetail=0
00:00:16.480201 nspr-2   ERROR [COM]: aRC=VBOX_E_INVALID_VM_STATE (0x80bb0002) aIID={300763af-5d6b-46e6-aa96-273eac15538a} aComponent={MachineWrap} aText={The machine is not mutable (state is PoweredOff)}, preserve=false aResultDetail=0
00:00:16.654075 nspr-3   WARNING [COM]: aRC=NS_ERROR_FAILURE (0x80004005) aIID={e54f6256-97a7-4947-8a78-10c013ddf4b8} aComponent={HostWrap} aText={VirtualBox is not currently allowed to access USB devices.  You can change this by adding your user to the 'vboxusers' group.  Please see the user manual for a more detailed explanation}, preserve=true aResultDetail=0
00:00:16.660130 nspr-6   WARNING [COM]: aRC=NS_ERROR_FAILURE (0x80004005) aIID={e54f6256-97a7-4947-8a78-10c013ddf4b8} aComponent={HostWrap} aText={VirtualBox is not currently allowed to access USB devices.  You can change this by adding your user to the 'vboxusers' group.  Please see the user manual for a more detailed explanation}, preserve=true aResultDetail=0
00:00:17.840726 nspr-5   ERROR [COM]: aRC=NS_ERROR_FAILURE (0x80004005) aIID={aac6c7cb-a371-4c58-ab51-0616896b2f2c} aComponent={SystemPropertiesWrap} aText={Cannot determine default Guest Additions ISO location. Most likely they are not available}, preserve=false aResultDetail=0
00:00:45.289600 nspr-2   Unattended: .disk/info: Unknown: diskname='Android-x86
00:00:45.289615 nspr-2   '
00:00:45.892001 nspr-6   Saving settings file "/home/robodool/.config/VirtualBox/VirtualBox.xml" with version "1.12-linux"
00:00:46.019960 nspr-6   Finished saving settings file "/home/robodool/.config/VirtualBox/VirtualBox.xml"
00:01:20.907158 createBase Saving settings file "/home/robodool/.config/VirtualBox/VirtualBox.xml" with version "1.12-linux"
00:01:21.071248 createBase Finished saving settings file "/home/robodool/.config/VirtualBox/VirtualBox.xml"
00:01:21.119983 nspr-5   WARNING [COM]: aRC=NS_ERROR_FAILURE (0x80004005) aIID={e54f6256-97a7-4947-8a78-10c013ddf4b8} aComponent={HostWrap} aText={VirtualBox is not currently allowed to access USB devices.  You can change this by adding your user to the 'vboxusers' group.  Please see the user manual for a more detailed explanation}, preserve=true aResultDetail=0
00:01:21.133756 nspr-3   Saving settings file "/home/robodool/VirtualBox VMs/Android/Android.vbox" with version "1.19-linux"
00:01:21.238544 nspr-3   Finished saving settings file "/home/robodool/VirtualBox VMs/Android/Android.vbox"
00:01:21.239396 nspr-3   Saving settings file "/home/robodool/.config/VirtualBox/VirtualBox.xml" with version "1.12-linux"
00:01:21.306027 nspr-3   Finished saving settings file "/home/robodool/.config/VirtualBox/VirtualBox.xml"
00:01:21.362495 nspr-3   Saving settings file "/home/robodool/.config/VirtualBox/VirtualBox.xml" with version "1.12-linux"
00:01:21.439924 nspr-3   Finished saving settings file "/home/robodool/.config/VirtualBox/VirtualBox.xml"
00:01:21.509030 nspr-2   Saving settings file "/home/robodool/.config/VirtualBox/VirtualBox.xml" with version "1.12-linux"
00:01:21.586267 nspr-2   Finished saving settings file "/home/robodool/.config/VirtualBox/VirtualBox.xml"
00:01:21.594457 nspr-3   Saving settings file "/home/robodool/VirtualBox VMs/Android/Android.vbox" with version "1.19-linux"
00:01:21.664833 nspr-3   Finished saving settings file "/home/robodool/VirtualBox VMs/Android/Android.vbox"
00:01:21.953379 nspr-2   Saving settings file "/home/robodool/.config/VirtualBox/VirtualBox.xml" with version "1.12-linux"
00:01:22.053816 nspr-2   Finished saving settings file "/home/robodool/.config/VirtualBox/VirtualBox.xml"
00:01:22.259729 nspr-5   WARNING [COM]: aRC=NS_ERROR_FAILURE (0x80004005) aIID={e54f6256-97a7-4947-8a78-10c013ddf4b8} aComponent={HostWrap} aText={VirtualBox is not currently allowed to access USB devices.  You can change this by adding your user to the 'vboxusers' group.  Please see the user manual for a more detailed explanation}, preserve=true aResultDetail=0
00:01:22.376870 nspr-2   ERROR [COM]: aRC=VBOX_E_INVALID_VM_STATE (0x80bb0002) aIID={300763af-5d6b-46e6-aa96-273eac15538a} aComponent={MachineWrap} aText={The machine is not mutable (state is PoweredOff)}, preserve=false aResultDetail=0
00:01:22.472750 nspr-2   WARNING [COM]: aRC=NS_ERROR_FAILURE (0x80004005) aIID={e54f6256-97a7-4947-8a78-10c013ddf4b8} aComponent={HostWrap} aText={VirtualBox is not currently allowed to access USB devices.  You can change this by adding your user to the 'vboxusers' group.  Please see the user manual for a more detailed explanation}, preserve=true aResultDetail=0
00:01:22.475774 nspr-4   WARNING [COM]: aRC=NS_ERROR_FAILURE (0x80004005) aIID={e54f6256-97a7-4947-8a78-10c013ddf4b8} aComponent={HostWrap} aText={VirtualBox is not currently allowed to access USB devices.  You can change this by adding your user to the 'vboxusers' group.  Please see the user manual for a more detailed explanation}, preserve=true aResultDetail=0
00:01:23.931396 nspr-3   Launched VM: 2281859056 pid: 3186 (0xc72) frontend: GUI/Qt name: Android
00:01:24.104973 nspr-4   ERROR [COM]: aRC=VBOX_E_INVALID_VM_STATE (0x80bb0002) aIID={300763af-5d6b-46e6-aa96-273eac15538a} aComponent={MachineWrap} aText={The machine is not mutable (state is PoweredOff)}, preserve=false aResultDetail=0
00:01:24.210591 nspr-4   WARNING [COM]: aRC=NS_ERROR_FAILURE (0x80004005) aIID={e54f6256-97a7-4947-8a78-10c013ddf4b8} aComponent={HostWrap} aText={VirtualBox is not currently allowed to access USB devices.  You can change this by adding your user to the 'vboxusers' group.  Please see the user manual for a more detailed explanation}, preserve=true aResultDetail=0
00:01:24.221024 nspr-4   WARNING [COM]: aRC=NS_ERROR_FAILURE (0x80004005) aIID={e54f6256-97a7-4947-8a78-10c013ddf4b8} aComponent={HostWrap} aText={VirtualBox is not currently allowed to access USB devices.  You can change this by adding your user to the 'vboxusers' group.  Please see the user manual for a more detailed explanation}, preserve=true aResultDetail=0
00:01:25.194086 nspr-6   ERROR [COM]: aRC=VBOX_E_INVALID_VM_STATE (0x80bb0002) aIID={300763af-5d6b-46e6-aa96-273eac15538a} aComponent={MachineWrap} aText={The machine is not mutable (state is PoweredOff)}, preserve=false aResultDetail=0
00:01:25.261705 nspr-2   WARNING [COM]: aRC=NS_ERROR_FAILURE (0x80004005) aIID={e54f6256-97a7-4947-8a78-10c013ddf4b8} aComponent={HostWrap} aText={VirtualBox is not currently allowed to access USB devices.  You can change this by adding your user to the 'vboxusers' group.  Please see the user manual for a more detailed explanation}, preserve=true aResultDetail=0
00:01:25.267120 nspr-2   WARNING [COM]: aRC=NS_ERROR_FAILURE (0x80004005) aIID={e54f6256-97a7-4947-8a78-10c013ddf4b8} aComponent={HostWrap} aText={VirtualBox is not currently allowed to access USB devices.  You can change this by adding your user to the 'vboxusers' group.  Please see the user manual for a more detailed explanation}, preserve=true aResultDetail=0
00:01:26.937638 nspr-5   WARNING [COM]: aRC=NS_ERROR_FAILURE (0x80004005) aIID={e54f6256-97a7-4947-8a78-10c013ddf4b8} aComponent={HostWrap} aText={VirtualBox is not currently allowed to access USB devices.  You can change this by adding your user to the 'vboxusers' group.  Please see the user manual for a more detailed explanation}, preserve=true aResultDetail=0
00:01:26.943912 nspr-2   WARNING [COM]: aRC=NS_ERROR_FAILURE (0x80004005) aIID={e54f6256-97a7-4947-8a78-10c013ddf4b8} aComponent={HostWrap} aText={VirtualBox is not currently allowed to access USB devices.  You can change this by adding your user to the 'vboxusers' group.  Please see the user manual for a more detailed explanation}, preserve=true aResultDetail=0
00:01:26.946896 nspr-5   ERROR [COM]: aRC=VBOX_E_OBJECT_NOT_FOUND (0x80bb0001) aIID={70401eef-c8e9-466b-9660-45cb3e9979e4} aComponent={ExtPackManagerWrap} aText={No extension pack by the name 'Oracle VM VirtualBox Extension Pack' was found}, preserve=false aResultDetail=0
00:01:27.575876 nspr-3   WARNING [COM]: aRC=NS_ERROR_FAILURE (0x80004005) aIID={e54f6256-97a7-4947-8a78-10c013ddf4b8} aComponent={HostWrap} aText={VirtualBox is not currently allowed to access USB devices.  You can change this by adding your user to the 'vboxusers' group.  Please see the user manual for a more detailed explanation}, preserve=true aResultDetail=0
00:01:27.587718 nspr-5   WARNING [COM]: aRC=NS_ERROR_FAILURE (0x80004005) aIID={e54f6256-97a7-4947-8a78-10c013ddf4b8} aComponent={HostWrap} aText={VirtualBox is not currently allowed to access USB devices.  You can change this by adding your user to the 'vboxusers' group.  Please see the user manual for a more detailed explanation}, preserve=true aResultDetail=0
00:01:27.811447 nspr-3   ERROR [COM]: aRC=VBOX_E_IPRT_ERROR (0x80bb0005) aIID={300763af-5d6b-46e6-aa96-273eac15538a} aComponent={SessionMachine} aText={Saved screenshot data is not available (VERR_NOT_SUPPORTED)}, preserve=false aResultDetail=-37
00:01:28.115547 nspr-2   NetIfAdpCtlOut: VBoxNetAdpCtl: Error while retrieving link speed for wlp1s0: VBoxNetAdpCtl: ioctl failed: Operation not supported
00:01:28.141092 nspr-5   WARNING [COM]: aRC=NS_ERROR_FAILURE (0x80004005) aIID={e54f6256-97a7-4947-8a78-10c013ddf4b8} aComponent={HostWrap} aText={VirtualBox is not currently allowed to access USB devices.  You can change this by adding your user to the 'vboxusers' group.  Please see the user manual for a more detailed explanation}, preserve=false aResultDetail=0
00:01:28.147640 nspr-2   WARNING [COM]: aRC=NS_ERROR_FAILURE (0x80004005) aIID={e54f6256-97a7-4947-8a78-10c013ddf4b8} aComponent={HostWrap} aText={VirtualBox is not currently allowed to access USB devices.  You can change this by adding your user to the 'vboxusers' group.  Please see the user manual for a more detailed explanation}, preserve=true aResultDetail=0
00:01:28.149119 nspr-2   WARNING [COM]: aRC=NS_ERROR_FAILURE (0x80004005) aIID={e54f6256-97a7-4947-8a78-10c013ddf4b8} aComponent={HostWrap} aText={VirtualBox is not currently allowed to access USB devices.  You can change this by adding your user to the 'vboxusers' group.  Please see the user manual for a more detailed explanation}, preserve=true aResultDetail=0
00:01:28.282268 nspr-8   WARNING [COM]: aRC=NS_ERROR_FAILURE (0x80004005) aIID={e54f6256-97a7-4947-8a78-10c013ddf4b8} aComponent={HostWrap} aText={VirtualBox is not currently allowed to access USB devices.  You can change this by adding your user to the 'vboxusers' group.  Please see the user manual for a more detailed explanation}, preserve=true aResultDetail=0
00:01:28.345583 nspr-8   ERROR [COM]: aRC=VBOX_E_INVALID_VM_STATE (0x80bb0002) aIID={300763af-5d6b-46e6-aa96-273eac15538a} aComponent={SessionMachine} aText={The machine is not mutable or saved (state is Starting)}, preserve=false aResultDetail=0
00:01:28.356318 nspr-8   Saving settings file "/home/robodool/VirtualBox VMs/Android/Android.vbox" with version "1.19-linux"
00:01:28.546182 nspr-8   Finished saving settings file "/home/robodool/VirtualBox VMs/Android/Android.vbox"
00:01:28.547587 nspr-9   Saving settings file "/home/robodool/.config/VirtualBox/VirtualBox.xml" with version "1.12-linux"
00:01:28.573587 nspr-3   ERROR [COM]: aRC=VBOX_E_INVALID_VM_STATE (0x80bb0002) aIID={300763af-5d6b-46e6-aa96-273eac15538a} aComponent={MachineWrap} aText={The machine is not mutable (state is Starting)}, preserve=false aResultDetail=0
00:01:28.606555 nspr-3   WARNING [COM]: aRC=NS_ERROR_FAILURE (0x80004005) aIID={e54f6256-97a7-4947-8a78-10c013ddf4b8} aComponent={HostWrap} aText={VirtualBox is not currently allowed to access USB devices.  You can change this by adding your user to the 'vboxusers' group.  Please see the user manual for a more detailed explanation}, preserve=true aResultDetail=0
00:01:28.669182 nspr-9   Finished saving settings file "/home/robodool/.config/VirtualBox/VirtualBox.xml"
00:01:28.817060 nspr-11  ERROR [COM]: aRC=VBOX_E_INVALID_VM_STATE (0x80bb0002) aIID={300763af-5d6b-46e6-aa96-273eac15538a} aComponent={MachineWrap} aText={The machine is not mutable (state is Starting)}, preserve=false aResultDetail=0
00:01:28.900208 nspr-4   WARNING [COM]: aRC=NS_ERROR_FAILURE (0x80004005) aIID={e54f6256-97a7-4947-8a78-10c013ddf4b8} aComponent={HostWrap} aText={VirtualBox is not currently allowed to access USB devices.  You can change this by adding your user to the 'vboxusers' group.  Please see the user manual for a more detailed explanation}, preserve=true aResultDetail=0
00:01:28.906807 nspr-4   WARNING [COM]: aRC=NS_ERROR_FAILURE (0x80004005) aIID={e54f6256-97a7-4947-8a78-10c013ddf4b8} aComponent={HostWrap} aText={VirtualBox is not currently allowed to access USB devices.  You can change this by adding your user to the 'vboxusers' group.  Please see the user manual for a more detailed explanation}, preserve=true aResultDetail=0
00:01:29.090739 nspr-8   Saving settings file "/home/robodool/VirtualBox VMs/Android/Android.vbox" with version "1.19-linux"
00:01:29.291478 nspr-8   Finished saving settings file "/home/robodool/VirtualBox VMs/Android/Android.vbox"
00:01:29.434653 nspr-11  ERROR [COM]: aRC=VBOX_E_INVALID_VM_STATE (0x80bb0002) aIID={300763af-5d6b-46e6-aa96-273eac15538a} aComponent={MachineWrap} aText={The machine is not mutable (state is Starting)}, preserve=false aResultDetail=0
00:01:29.563573 nspr-11  WARNING [COM]: aRC=NS_ERROR_FAILURE (0x80004005) aIID={e54f6256-97a7-4947-8a78-10c013ddf4b8} aComponent={HostWrap} aText={VirtualBox is not currently allowed to access USB devices.  You can change this by adding your user to the 'vboxusers' group.  Please see the user manual for a more detailed explanation}, preserve=true aResultDetail=0
00:01:29.567164 nspr-11  WARNING [COM]: aRC=NS_ERROR_FAILURE (0x80004005) aIID={e54f6256-97a7-4947-8a78-10c013ddf4b8} aComponent={HostWrap} aText={VirtualBox is not currently allowed to access USB devices.  You can change this by adding your user to the 'vboxusers' group.  Please see the user manual for a more detailed explanation}, preserve=true aResultDetail=0
00:01:29.799602 nspr-10  ERROR [COM]: aRC=VBOX_E_OBJECT_NOT_FOUND (0x80bb0001) aIID={ad47ad09-787b-44ab-b343-a082a3f2dfb1} aComponent={MediumWrap} aText={Property 'CRYPT/KeyId' does not exist}, preserve=false aResultDetail=0
00:01:29.804904 nspr-11  ERROR [COM]: aRC=VBOX_E_OBJECT_NOT_FOUND (0x80bb0001) aIID={ad47ad09-787b-44ab-b343-a082a3f2dfb1} aComponent={MediumWrap} aText={Property 'CRYPT/KeyId' does not exist}, preserve=false aResultDetail=0
00:01:29.980088 nspr-2   WARNING [COM]: aRC=NS_ERROR_FAILURE (0x80004005) aIID={e54f6256-97a7-4947-8a78-10c013ddf4b8} aComponent={HostWrap} aText={VirtualBox is not currently allowed to access USB devices.  You can change this by adding your user to the 'vboxusers' group.  Please see the user manual for a more detailed explanation}, preserve=true aResultDetail=0
00:01:30.066931 nspr-6   ERROR [COM]: aRC=VBOX_E_INVALID_VM_STATE (0x80bb0002) aIID={300763af-5d6b-46e6-aa96-273eac15538a} aComponent={MachineWrap} aText={The machine is not mutable (state is Running)}, preserve=false aResultDetail=0
00:01:30.233837 nspr-11  WARNING [COM]: aRC=NS_ERROR_FAILURE (0x80004005) aIID={e54f6256-97a7-4947-8a78-10c013ddf4b8} aComponent={HostWrap} aText={VirtualBox is not currently allowed to access USB devices.  You can change this by adding your user to the 'vboxusers' group.  Please see the user manual for a more detailed explanation}, preserve=true aResultDetail=0
00:01:30.238508 nspr-3   WARNING [COM]: aRC=NS_ERROR_FAILURE (0x80004005) aIID={e54f6256-97a7-4947-8a78-10c013ddf4b8} aComponent={HostWrap} aText={VirtualBox is not currently allowed to access USB devices.  You can change this by adding your user to the 'vboxusers' group.  Please see the user manual for a more detailed explanation}, preserve=true aResultDetail=0
00:01:31.137711 nspr-11  Saving settings file "/home/robodool/VirtualBox VMs/Android/Android.vbox" with version "1.19-linux"
00:01:31.279109 nspr-11  Finished saving settings file "/home/robodool/VirtualBox VMs/Android/Android.vbox"
00:01:31.551793 nspr-5   ERROR [COM]: aRC=VBOX_E_INVALID_VM_STATE (0x80bb0002) aIID={300763af-5d6b-46e6-aa96-273eac15538a} aComponent={MachineWrap} aText={The machine is not mutable (state is Running)}, preserve=false aResultDetail=0
00:01:31.854242 nspr-4   WARNING [COM]: aRC=NS_ERROR_FAILURE (0x80004005) aIID={e54f6256-97a7-4947-8a78-10c013ddf4b8} aComponent={HostWrap} aText={VirtualBox is not currently allowed to access USB devices.  You can change this by adding your user to the 'vboxusers' group.  Please see the user manual for a more detailed explanation}, preserve=true aResultDetail=0
00:01:31.869771 nspr-4   WARNING [COM]: aRC=NS_ERROR_FAILURE (0x80004005) aIID={e54f6256-97a7-4947-8a78-10c013ddf4b8} aComponent={HostWrap} aText={VirtualBox is not currently allowed to access USB devices.  You can change this by adding your user to the 'vboxusers' group.  Please see the user manual for a more detailed explanation}, preserve=true aResultDetail=0
